<?xml version="1.0" encoding="UTF-8"?>
<testsuite name="niffler.test.SpendsWebTest" tests="1" skipped="0" failures="0" errors="0" timestamp="2023-04-20T06:01:21" hostname="VSERDOBINTSEV" time="7.577">
  <properties/>
  <testcase name="spendShouldBeDeletedByActionInTable(SpendJson)" classname="niffler.test.SpendsWebTest" time="7.577"/>
  <system-out><![CDATA[]]></system-out>
  <system-err><![CDATA[Starting ChromeDriver 112.0.5615.49 (bd2a7bcb881c11e8cfe3078709382934e3916914-refs/branch-heads/5615@{#936}) on port 33012
Only local connections are allowed.
Please see https://chromedriver.chromium.org/security-considerations for suggestions on keeping ChromeDriver safe.
ChromeDriver was started successfully.
апр. 20, 2023 9:01:25 AM org.openqa.selenium.devtools.CdpVersionFinder findNearestMatch
WARNING: Unable to find an exact match for CDP version 112, so returning the closest version found: 111
]]></system-err>
</testsuite>
